<?xml version="1.0" encoding="UTF-8"?>
<testsuite xmlns:xsi="http://www.w3.org/2001/XMLSchema-instance" xsi:noNamespaceSchemaLocation="https://maven.apache.org/surefire/maven-surefire-plugin/xsd/surefire-test-report-3.0.xsd" version="3.0" name="com.virtusa.demo.runner.TestRunner" time="29.149" tests="2" errors="0" skipped="0" failures="0">
  <properties>
[...]
</properties>
  <testcase name="To test google search functionality" classname="Google Search feature" time="16">
    <system-out><![CDATA[10:59:38.019 [main] INFO  com.virtusa.demo.stepDefinitions.GoogleSearchStepDef - Driver initialized and test context is set
10:59:40.592 [main] INFO  com.virtusa.demo.stepDefinitions.GoogleSearchStepDef - User is on home page
10:59:44.796 [main] INFO  com.virtusa.demo.stepDefinitions.GoogleSearchStepDef - User click search button
10:59:44.864 [main] INFO  com.virtusa.demo.stepDefinitions.GoogleSearchStepDef - Validate search results present
10:59:44.890 [main] INFO  com.virtusa.demo.stepDefinitions.GoogleSearchStepDef - Validate first search result
10:59:45.182 [main] INFO  com.virtusa.demo.stepDefinitions.GoogleSearchStepDef - Validate all search results
10:59:45.184 [main] INFO  com.virtusa.demo.stepDefinitions.GoogleSearchStepDef - Scenario execution status: PASSED
10:59:45.185 [main] INFO  com.virtusa.demo.stepDefinitions.GoogleSearchStepDef - Before closing the browser
10:59:49.341 [main] INFO  com.virtusa.demo.stepDefinitions.GoogleSearchStepDef - Browser closed
]]></system-out>
    <system-err><![CDATA[Starting ChromeDriver 90.0.4430.24 (4c6d850f087da467d926e8eddb76550aed655991-refs/branch-heads/4430@{#429}) on port 22358
Only local connections are allowed.
Please see https://chromedriver.chromium.org/security-considerations for suggestions on keeping ChromeDriver safe.
ChromeDriver was started successfully.
[1623427177.758][WARNING]: This version of ChromeDriver has not been tested with Chrome version 91.
Jun 11, 2021 10:59:37 AM org.openqa.selenium.remote.ProtocolHandshake createSession
INFO: Detected dialect: W3C
]]></system-err>
  </testcase>
  <testcase name="To test google search functionality" classname="Google Search feature" time="11.78">
    <system-out><![CDATA[10:59:51.421 [main] INFO  com.virtusa.demo.stepDefinitions.GoogleSearchStepDef - Driver initialized and test context is set
10:59:53.267 [main] INFO  com.virtusa.demo.stepDefinitions.GoogleSearchStepDef - User is on home page
10:59:56.449 [main] INFO  com.virtusa.demo.stepDefinitions.GoogleSearchStepDef - User click search button
10:59:56.498 [main] INFO  com.virtusa.demo.stepDefinitions.GoogleSearchStepDef - Validate search results present
10:59:56.516 [main] INFO  com.virtusa.demo.stepDefinitions.GoogleSearchStepDef - Validate first search result
10:59:56.893 [main] INFO  com.virtusa.demo.stepDefinitions.GoogleSearchStepDef - Validate all search results
10:59:56.894 [main] INFO  com.virtusa.demo.stepDefinitions.GoogleSearchStepDef - Scenario execution status: PASSED
10:59:56.895 [main] INFO  com.virtusa.demo.stepDefinitions.GoogleSearchStepDef - Before closing the browser
11:00:01.067 [main] INFO  com.virtusa.demo.stepDefinitions.GoogleSearchStepDef - Browser closed
]]></system-out>
    <system-err><![CDATA[Starting ChromeDriver 90.0.4430.24 (4c6d850f087da467d926e8eddb76550aed655991-refs/branch-heads/4430@{#429}) on port 48409
Only local connections are allowed.
Please see https://chromedriver.chromium.org/security-considerations for suggestions on keeping ChromeDriver safe.
ChromeDriver was started successfully.
[1623427191.393][WARNING]: This version of ChromeDriver has not been tested with Chrome version 91.
Jun 11, 2021 10:59:51 AM org.openqa.selenium.remote.ProtocolHandshake createSession
INFO: Detected dialect: W3C
]]></system-err>
  </testcase>
</testsuite>